<<<<<<< HEAD
2013/04/08 22:14:47 [error] [exception.CHttpException.404] exception 'CHttpException' with message 'The system is unable to find the requested action "campaign".' in /opt/lampp/htdocs/yii-1.1.12.b600af/framework/web/CController.php:484
Stack trace:
#0 /opt/lampp/htdocs/yii-1.1.12.b600af/framework/web/CController.php(271): CController->missingAction('campaign')
#1 /opt/lampp/htdocs/yii-1.1.12.b600af/framework/web/CWebApplication.php(283): CController->run('campaign')
#2 /opt/lampp/htdocs/yii-1.1.12.b600af/framework/web/CWebApplication.php(142): CWebApplication->runController('site/campaign')
#3 /opt/lampp/htdocs/yii-1.1.12.b600af/framework/base/CApplication.php(162): CWebApplication->processRequest()
#4 /opt/lampp/htdocs/projectJv/index.php(13): CApplication->run()
#5 {main}
REQUEST_URI=/projectJv/index.php?r=site/campaign
HTTP_REFERER=http://localhost/projectJv/index.php
=======
2013/04/08 23:08:25 [error] [exception.CHttpException.404] exception 'CHttpException' with message 'Unable to resolve the request "favicon.ico".' in /opt/lampp/htdocs/yii-1.1.12.b600af/framework/web/CWebApplication.php:287
Stack trace:
#0 /opt/lampp/htdocs/yii-1.1.12.b600af/framework/web/CWebApplication.php(142): CWebApplication->runController('favicon.ico')
#1 /opt/lampp/htdocs/yii-1.1.12.b600af/framework/base/CApplication.php(162): CWebApplication->processRequest()
#2 /opt/lampp/htdocs/projectJv/index.php(13): CApplication->run()
#3 {main}
REQUEST_URI=/favicon.ico
---
2013/04/08 23:08:27 [error] [exception.CHttpException.404] exception 'CHttpException' with message 'Unable to resolve the request "favicon.ico".' in /opt/lampp/htdocs/yii-1.1.12.b600af/framework/web/CWebApplication.php:287
Stack trace:
#0 /opt/lampp/htdocs/yii-1.1.12.b600af/framework/web/CWebApplication.php(142): CWebApplication->runController('favicon.ico')
#1 /opt/lampp/htdocs/yii-1.1.12.b600af/framework/base/CApplication.php(162): CWebApplication->processRequest()
#2 /opt/lampp/htdocs/projectJv/index.php(13): CApplication->run()
#3 {main}
REQUEST_URI=/favicon.ico
---
2013/04/08 23:08:29 [error] [exception.CHttpException.404] exception 'CHttpException' with message 'Unable to resolve the request "favicon.ico".' in /opt/lampp/htdocs/yii-1.1.12.b600af/framework/web/CWebApplication.php:287
Stack trace:
#0 /opt/lampp/htdocs/yii-1.1.12.b600af/framework/web/CWebApplication.php(142): CWebApplication->runController('favicon.ico')
#1 /opt/lampp/htdocs/yii-1.1.12.b600af/framework/base/CApplication.php(162): CWebApplication->processRequest()
#2 /opt/lampp/htdocs/projectJv/index.php(13): CApplication->run()
#3 {main}
REQUEST_URI=/favicon.ico
---
2013/04/08 23:08:29 [error] [exception.CHttpException.404] exception 'CHttpException' with message 'Unable to resolve the request "favicon.ico".' in /opt/lampp/htdocs/yii-1.1.12.b600af/framework/web/CWebApplication.php:287
Stack trace:
#0 /opt/lampp/htdocs/yii-1.1.12.b600af/framework/web/CWebApplication.php(142): CWebApplication->runController('favicon.ico')
#1 /opt/lampp/htdocs/yii-1.1.12.b600af/framework/base/CApplication.php(162): CWebApplication->processRequest()
#2 /opt/lampp/htdocs/projectJv/index.php(13): CApplication->run()
#3 {main}
REQUEST_URI=/favicon.ico
---
2013/04/08 23:08:30 [error] [exception.CHttpException.404] exception 'CHttpException' with message 'Unable to resolve the request "favicon.ico".' in /opt/lampp/htdocs/yii-1.1.12.b600af/framework/web/CWebApplication.php:287
Stack trace:
#0 /opt/lampp/htdocs/yii-1.1.12.b600af/framework/web/CWebApplication.php(142): CWebApplication->runController('favicon.ico')
#1 /opt/lampp/htdocs/yii-1.1.12.b600af/framework/base/CApplication.php(162): CWebApplication->processRequest()
#2 /opt/lampp/htdocs/projectJv/index.php(13): CApplication->run()
#3 {main}
REQUEST_URI=/favicon.ico
---
2013/04/08 23:08:32 [error] [exception.CHttpException.404] exception 'CHttpException' with message 'Unable to resolve the request "favicon.ico".' in /opt/lampp/htdocs/yii-1.1.12.b600af/framework/web/CWebApplication.php:287
Stack trace:
#0 /opt/lampp/htdocs/yii-1.1.12.b600af/framework/web/CWebApplication.php(142): CWebApplication->runController('favicon.ico')
#1 /opt/lampp/htdocs/yii-1.1.12.b600af/framework/base/CApplication.php(162): CWebApplication->processRequest()
#2 /opt/lampp/htdocs/projectJv/index.php(13): CApplication->run()
#3 {main}
REQUEST_URI=/favicon.ico
---
2013/04/08 23:08:37 [error] [exception.CHttpException.404] exception 'CHttpException' with message 'Unable to resolve the request "favicon.ico".' in /opt/lampp/htdocs/yii-1.1.12.b600af/framework/web/CWebApplication.php:287
Stack trace:
#0 /opt/lampp/htdocs/yii-1.1.12.b600af/framework/web/CWebApplication.php(142): CWebApplication->runController('favicon.ico')
#1 /opt/lampp/htdocs/yii-1.1.12.b600af/framework/base/CApplication.php(162): CWebApplication->processRequest()
#2 /opt/lampp/htdocs/projectJv/index.php(13): CApplication->run()
#3 {main}
REQUEST_URI=/favicon.ico
---
2013/04/08 23:09:09 [error] [exception.CHttpException.404] exception 'CHttpException' with message 'Unable to resolve the request "favicon.ico".' in /opt/lampp/htdocs/yii-1.1.12.b600af/framework/web/CWebApplication.php:287
Stack trace:
#0 /opt/lampp/htdocs/yii-1.1.12.b600af/framework/web/CWebApplication.php(142): CWebApplication->runController('favicon.ico')
#1 /opt/lampp/htdocs/yii-1.1.12.b600af/framework/base/CApplication.php(162): CWebApplication->processRequest()
#2 /opt/lampp/htdocs/projectJv/index.php(13): CApplication->run()
#3 {main}
REQUEST_URI=/favicon.ico
---
2013/04/08 23:09:09 [error] [exception.CHttpException.404] exception 'CHttpException' with message 'Unable to resolve the request "favicon.ico".' in /opt/lampp/htdocs/yii-1.1.12.b600af/framework/web/CWebApplication.php:287
Stack trace:
#0 /opt/lampp/htdocs/yii-1.1.12.b600af/framework/web/CWebApplication.php(142): CWebApplication->runController('favicon.ico')
#1 /opt/lampp/htdocs/yii-1.1.12.b600af/framework/base/CApplication.php(162): CWebApplication->processRequest()
#2 /opt/lampp/htdocs/projectJv/index.php(13): CApplication->run()
#3 {main}
REQUEST_URI=/favicon.ico
---
2013/04/08 23:09:10 [error] [exception.CHttpException.404] exception 'CHttpException' with message 'Unable to resolve the request "favicon.ico".' in /opt/lampp/htdocs/yii-1.1.12.b600af/framework/web/CWebApplication.php:287
Stack trace:
#0 /opt/lampp/htdocs/yii-1.1.12.b600af/framework/web/CWebApplication.php(142): CWebApplication->runController('favicon.ico')
#1 /opt/lampp/htdocs/yii-1.1.12.b600af/framework/base/CApplication.php(162): CWebApplication->processRequest()
#2 /opt/lampp/htdocs/projectJv/index.php(13): CApplication->run()
#3 {main}
REQUEST_URI=/favicon.ico
---
2013/04/08 23:09:12 [error] [exception.CHttpException.404] exception 'CHttpException' with message 'Unable to resolve the request "favicon.ico".' in /opt/lampp/htdocs/yii-1.1.12.b600af/framework/web/CWebApplication.php:287
Stack trace:
#0 /opt/lampp/htdocs/yii-1.1.12.b600af/framework/web/CWebApplication.php(142): CWebApplication->runController('favicon.ico')
#1 /opt/lampp/htdocs/yii-1.1.12.b600af/framework/base/CApplication.php(162): CWebApplication->processRequest()
#2 /opt/lampp/htdocs/projectJv/index.php(13): CApplication->run()
#3 {main}
REQUEST_URI=/favicon.ico
---
2013/04/08 23:09:13 [error] [exception.CHttpException.404] exception 'CHttpException' with message 'Unable to resolve the request "favicon.ico".' in /opt/lampp/htdocs/yii-1.1.12.b600af/framework/web/CWebApplication.php:287
Stack trace:
#0 /opt/lampp/htdocs/yii-1.1.12.b600af/framework/web/CWebApplication.php(142): CWebApplication->runController('favicon.ico')
#1 /opt/lampp/htdocs/yii-1.1.12.b600af/framework/base/CApplication.php(162): CWebApplication->processRequest()
#2 /opt/lampp/htdocs/projectJv/index.php(13): CApplication->run()
#3 {main}
REQUEST_URI=/favicon.ico
---
2013/04/08 23:09:14 [error] [exception.CHttpException.404] exception 'CHttpException' with message 'Unable to resolve the request "favicon.ico".' in /opt/lampp/htdocs/yii-1.1.12.b600af/framework/web/CWebApplication.php:287
Stack trace:
#0 /opt/lampp/htdocs/yii-1.1.12.b600af/framework/web/CWebApplication.php(142): CWebApplication->runController('favicon.ico')
#1 /opt/lampp/htdocs/yii-1.1.12.b600af/framework/base/CApplication.php(162): CWebApplication->processRequest()
#2 /opt/lampp/htdocs/projectJv/index.php(13): CApplication->run()
#3 {main}
REQUEST_URI=/favicon.ico
---
2013/04/08 23:09:15 [error] [exception.CHttpException.404] exception 'CHttpException' with message 'Unable to resolve the request "favicon.ico".' in /opt/lampp/htdocs/yii-1.1.12.b600af/framework/web/CWebApplication.php:287
Stack trace:
#0 /opt/lampp/htdocs/yii-1.1.12.b600af/framework/web/CWebApplication.php(142): CWebApplication->runController('favicon.ico')
#1 /opt/lampp/htdocs/yii-1.1.12.b600af/framework/base/CApplication.php(162): CWebApplication->processRequest()
#2 /opt/lampp/htdocs/projectJv/index.php(13): CApplication->run()
#3 {main}
REQUEST_URI=/favicon.ico
>>>>>>> e7bc5655e3f7e8ebb11c46d1749d12330aead2ec
---
